Index 8505: 
Failed to fetch URL: https://www.1mg.com/otc/d-lucs-drop-otc670626, 
Status: 500, 
Message: Internal Server Error


Index 8810: 
Failed to fetch URL: https://www.1mg.com/otc/corcium-c-tablet-otc151368, 
Status: 404, 
Message: Not Found


Index 9040: 
Failed to fetch URL: https://www.1mg.com/drugs/diclowin-pain-relief-gel-1003810, 
Status: 504, 
Message: Gateway Time-out


Index 9087: 
Failed to fetch URL: https://www.1mg.com/drugs/rafdonac-spray-1013560, 
Status: 504, 
Message: Gateway Time-out


Index 9999: 
Failed to fetch URL: https://www.1mg.com/otc/choonkar-d3-1k-cholecalciferol-capsule-otc553711, 
Status: 404, 
Message: Not Found


