Index 1294: 
Failed to fetch URL: https://www.1mg.com/drugs/terbihil-dusting-powder-895894, 
Status: 504, 
Message: Gateway Time-out


Index 1297: 
Failed to fetch URL: https://www.1mg.com/drugs/lulycon-1-dusting-powder-828724, 
Status: 504, 
Message: Gateway Time-out


Index 1299: 
Failed to fetch URL: https://www.1mg.com/drugs/zitoket-2-dusting-powder-601960, 
Status: 504, 
Message: Gateway Time-out


Index 1302: 
Failed to fetch URL: https://www.1mg.com/drugs/liveasy-anti-fungal-powder-1-788086, 
Status: 504, 
Message: Gateway Time-out


Index 1304: 
Failed to fetch URL: https://www.1mg.com/drugs/keteen-dusting-powder-651254, 
Status: 502, 
Message: Bad Gateway


Index 1306: 
Failed to fetch URL: https://www.1mg.com/drugs/makter-dusting-powder-869214, 
Status: 504, 
Message: Gateway Time-out


Index 1307: 
Failed to fetch URL: https://www.1mg.com/drugs/ocderm-1-dusting-powder-828787, 
Status: 504, 
Message: Gateway Time-out


Index 1308: 
Failed to fetch URL: https://www.1mg.com/drugs/clotriscot-1-dusting-powder-816392, 
Status: 504, 
Message: Gateway Time-out


Index 1309: 
Failed to fetch URL: https://www.1mg.com/drugs/clorzil-0.5-dusting-powder-600709, 
Status: 502, 
Message: Bad Gateway


Index 1312: 
Failed to fetch URL: https://www.1mg.com/drugs/shimter-1-dusting-powder-803743, 
Status: 504, 
Message: Gateway Time-out


Index 1316: 
Failed to fetch URL: https://www.1mg.com/drugs/clocidol-1-dusting-powder-646188, 
Status: 504, 
Message: Gateway Time-out


Index 1321: 
Failed to fetch URL: https://www.1mg.com/drugs/cloryth-dusting-powder-900754, 
Status: 504, 
Message: Gateway Time-out


Index 1324: 
Failed to fetch URL: https://www.1mg.com/drugs/sebifin-1-powder-797009, 
Status: 502, 
Message: Bad Gateway


Index 1330: 
Failed to fetch URL: https://www.1mg.com/drugs/iodolan-5-ointment-794555, 
Status: 502, 
Message: Bad Gateway


Index 1332: 
Failed to fetch URL: https://www.1mg.com/drugs/walvidone-5-solution-870236, 
Status: 504, 
Message: Gateway Time-out


Index 1335: 
Failed to fetch URL: https://www.1mg.com/drugs/flucozest-2-dusting-powder-823500, 
Status: 504, 
Message: Gateway Time-out


Index 1338: 
Failed to fetch URL: https://www.1mg.com/drugs/kitonid-2-dusting-powder-512215, 
Status: 504, 
Message: Gateway Time-out


Index 1350: 
Failed to fetch URL: https://www.1mg.com/drugs/terogood-1-dusting-powder-863867, 
Status: 502, 
Message: Bad Gateway


Index 1352: 
Failed to fetch URL: https://www.1mg.com/drugs/leocan-dusting-powder-372223, 
Status: 504, 
Message: Gateway Time-out


Index 1359: 
Failed to fetch URL: https://www.1mg.com/drugs/ezicure-dusting-powder-702218, 
Status: 504, 
Message: Gateway Time-out


Index 1362: 
Failed to fetch URL: https://www.1mg.com/drugs/racderm-1-dusting-powder-676960, 
Status: 504, 
Message: Gateway Time-out


Index 1363: 
Failed to fetch URL: https://www.1mg.com/drugs/clowist-1-dusting-powder-877342, 
Status: 502, 
Message: Bad Gateway


Index 1368: 
Failed to fetch URL: https://www.1mg.com/drugs/candicon-dusting-powder-895895, 
Status: 504, 
Message: Gateway Time-out


Index 1369: 
Failed to fetch URL: https://www.1mg.com/drugs/epicanil-dusting-powder-232812, 
Status: 504, 
Message: Gateway Time-out


Index 1374: 
Failed to fetch URL: https://www.1mg.com/drugs/cloitch-1-dusting-powder-956967, 
Status: 504, 
Message: Gateway Time-out


Index 1376: 
Failed to fetch URL: https://www.1mg.com/drugs/terbigun-1-dusting-powder-476420, 
Status: 502, 
Message: Bad Gateway


Index 1378: 
Failed to fetch URL: https://www.1mg.com/drugs/cloview-p-dusting-powder-805050, 
Status: 504, 
Message: Gateway Time-out


Index 1381: 
Failed to fetch URL: https://www.1mg.com/drugs/moncid-1-dusting-powder-305507, 
Status: 504, 
Message: Gateway Time-out


Index 1382: 
Failed to fetch URL: https://www.1mg.com/drugs/trilzole-dusting-powder-705400, 
Status: 504, 
Message: Gateway Time-out


Index 1392: 
Failed to fetch URL: https://www.1mg.com/drugs/canitross-dusting-powder-313386, 
Status: 504, 
Message: Gateway Time-out


Index 1397: 
Failed to fetch URL: https://www.1mg.com/drugs/monpic-1-dusting-powder-855007, 
Status: 504, 
Message: Gateway Time-out


Index 1399: 
Failed to fetch URL: https://www.1mg.com/drugs/duscal-1-dusting-powder-600112, 
Status: 504, 
Message: Gateway Time-out


Index 1404: 
Failed to fetch URL: https://www.1mg.com/drugs/cutrizest-1-dusting-powder-797890, 
Status: 504, 
Message: Gateway Time-out


Index 1410: 
Failed to fetch URL: https://www.1mg.com/drugs/canestra-1-dusting-powder-508720, 
Status: 504, 
Message: Gateway Time-out


Index 1412: 
Failed to fetch URL: https://www.1mg.com/drugs/clomecare-dusting-powder-640101, 
Status: 504, 
Message: Gateway Time-out


Index 1413: 
Failed to fetch URL: https://www.1mg.com/drugs/clotorax-dusting-powder-601828, 
Status: 504, 
Message: Gateway Time-out


Index 1415: 
Failed to fetch URL: https://www.1mg.com/drugs/cloken-1-dusting-powder-743231, 
Status: 502, 
Message: Bad Gateway


Index 1417: 
Failed to fetch URL: https://www.1mg.com/drugs/troydine-0.05-solution-805597, 
Status: 504, 
Message: Gateway Time-out


Index 1418: 
Failed to fetch URL: https://www.1mg.com/drugs/scotcon-2-dusting-powder-846704, 
Status: 504, 
Message: Gateway Time-out


Index 1428: 
Failed to fetch URL: https://www.1mg.com/drugs/i-ket-2-dusting-powder-635420, 
Status: 504, 
Message: Gateway Time-out


Index 1429: 
Failed to fetch URL: https://www.1mg.com/drugs/kezox-dusting-powder-799873, 
Status: 504, 
Message: Gateway Time-out


Index 1430: 
Failed to fetch URL: https://www.1mg.com/drugs/zitclo-1-dusting-powder-808676, 
Status: 502, 
Message: Bad Gateway


Index 1433: 
Failed to fetch URL: https://www.1mg.com/drugs/clojole-1-dusting-powder-881718, 
Status: 504, 
Message: Gateway Time-out


Index 1451: 
Failed to fetch URL: https://www.1mg.com/drugs/cefnelia-1-dusting-powder-531090, 
Status: 502, 
Message: Bad Gateway


Index 1454: 
Failed to fetch URL: https://www.1mg.com/drugs/candifung-dusting-powder-1-798079, 
Status: 504, 
Message: Gateway Time-out


Index 1455: 
Failed to fetch URL: https://www.1mg.com/drugs/canist-1-dusting-powder-611260, 
Status: 502, 
Message: Bad Gateway


Index 1456: 
Failed to fetch URL: https://www.1mg.com/drugs/efcin-0.5-dusting-powder-605507, 
Status: 502, 
Message: Bad Gateway


Index 1463: 
Failed to fetch URL: https://www.1mg.com/drugs/vzole-1-powder-787477, 
Status: 504, 
Message: Gateway Time-out


Index 1464: 
Failed to fetch URL: https://www.1mg.com/drugs/candisun-dusting-powder-556089, 
Status: 502, 
Message: Bad Gateway


Index 1465: 
Failed to fetch URL: https://www.1mg.com/drugs/tq-flam-1-dusting-powder-531291, 
Status: 502, 
Message: Bad Gateway


Index 1466: 
Failed to fetch URL: https://www.1mg.com/drugs/i-wex-1-dusting-powder-809242, 
Status: 502, 
Message: Bad Gateway


Index 1472: 
Failed to fetch URL: https://www.1mg.com/drugs/totalderm-powder-757275, 
Status: 500, 
Message: Internal Server Error


Index 1473: 
Failed to fetch URL: https://www.1mg.com/drugs/ketomist-2-dusting-powder-714987, 
Status: 504, 
Message: Gateway Time-out


Index 1486: 
Failed to fetch URL: https://www.1mg.com/drugs/d-zorb-1-powder-464619, 
Status: 504, 
Message: Gateway Time-out


Index 1489: 
Failed to fetch URL: https://www.1mg.com/drugs/terlox-1-dusting-powder-828685, 
Status: 502, 
Message: Bad Gateway


Index 1491: 
Failed to fetch URL: https://www.1mg.com/drugs/clofiz-1-dusting-powder-809270, 
Status: 504, 
Message: Gateway Time-out


Index 1492: 
Failed to fetch URL: https://www.1mg.com/drugs/clotriwen-1-dusting-powder-874164, 
Status: 504, 
Message: Gateway Time-out


Index 1494: 
Failed to fetch URL: https://www.1mg.com/drugs/tryclo-1-dusting-powder-814760, 
Status: 504, 
Message: Gateway Time-out


Index 1500: 
Failed to fetch URL: https://www.1mg.com/drugs/klotrex-powder-424062, 
Status: 502, 
Message: Bad Gateway


Index 1503: 
Failed to fetch URL: https://www.1mg.com/drugs/funglilax-0.5-dusting-powder-610663, 
Status: 504, 
Message: Gateway Time-out


Index 1508: 
Failed to fetch URL: https://www.1mg.com/drugs/kaifluk-dusting-powder-981623, 
Status: 504, 
Message: Gateway Time-out


Index 1509: 
Failed to fetch URL: https://www.1mg.com/drugs/teriza-1-dusting-powder-993285, 
Status: 502, 
Message: Bad Gateway


