Index 2460: 
Failed to fetch URL: https://www.1mg.com/drugs/ketoclub-0.5-eye-drop-632234, 
Status: 504, 
Message: Gateway Time-out


Index 2463: 
Failed to fetch URL: https://www.1mg.com/drugs/ketokos-eye-drop-601218, 
Status: 504, 
Message: Gateway Time-out


Index 2466: 
Failed to fetch URL: https://www.1mg.com/drugs/sohawet-0.1-eye-drop-800457, 
Status: 504, 
Message: Gateway Time-out


Index 2473: 
Failed to fetch URL: https://www.1mg.com/drugs/ketmic-0.5-eye-drop-533255, 
Status: 504, 
Message: Gateway Time-out


Index 2487: 
Failed to fetch URL: https://www.1mg.com/drugs/zentear-eye-drop-816229, 
Status: 504, 
Message: Gateway Time-out


Index 2495: 
Failed to fetch URL: https://www.1mg.com/drugs/chlonia-eye-drop-816411, 
Status: 504, 
Message: Gateway Time-out


Index 2501: 
Failed to fetch URL: https://www.1mg.com/drugs/iket-0.5-eye-drop-585776, 
Status: 504, 
Message: Gateway Time-out


Index 2514: 
Failed to fetch URL: https://www.1mg.com/drugs/cufen-eye-drop-967865, 
Status: 504, 
Message: Gateway Time-out


Index 2520: 
Failed to fetch URL: https://www.1mg.com/drugs/g-flur-0.03-eye-drop-568075, 
Status: 504, 
Message: Gateway Time-out


Index 2531: 
Failed to fetch URL: https://www.1mg.com/drugs/el-fresh-0.5-eye-drop-570304, 
Status: 504, 
Message: Gateway Time-out


Index 2533: 
Failed to fetch URL: https://www.1mg.com/drugs/medilub-0.5-eye-drop-625886, 
Status: 504, 
Message: Gateway Time-out


Index 2541: 
Failed to fetch URL: https://www.1mg.com/drugs/eyelub-total-eye-drop-942887, 
Status: 504, 
Message: Gateway Time-out


Index 2550: 
Failed to fetch URL: https://www.1mg.com/drugs/sodeem-eye-drop-930599, 
Status: 504, 
Message: Gateway Time-out


Index 2564: 
Failed to fetch URL: https://www.1mg.com/drugs/tearwave-ultra-eye-drop-694936, 
Status: 504, 
Message: Gateway Time-out


Index 2567: 
Failed to fetch URL: https://www.1mg.com/drugs/retof-eye-ear-drop-589273, 
Status: 504, 
Message: Gateway Time-out


Index 2573: 
Failed to fetch URL: https://www.1mg.com/drugs/eyechem-0.3-eye-drop-583418, 
Status: 504, 
Message: Gateway Time-out


Index 2594: 
Failed to fetch URL: https://www.1mg.com/drugs/extifer-1-eye-drop-854806, 
Status: 504, 
Message: Gateway Time-out


Index 2657: 
Failed to fetch URL: https://www.1mg.com/drugs/tearwave-0.5-eye-drop-694914, 
Status: 504, 
Message: Gateway Time-out


Index 2660: 
Failed to fetch URL: https://www.1mg.com/drugs/holytear-ultra-eye-drop-855816, 
Status: 504, 
Message: Gateway Time-out


Index 2674: 
Failed to fetch URL: https://www.1mg.com/drugs/visonac-ultra-eye-drop-568033, 
Status: 504, 
Message: Gateway Time-out


Index 2676: 
Failed to fetch URL: https://www.1mg.com/drugs/kiter-1-eye-drop-634079, 
Status: 504, 
Message: Gateway Time-out


Index 2678: 
Failed to fetch URL: https://www.1mg.com/drugs/ofkin-0.3-eye-drop-567884, 
Status: 504, 
Message: Gateway Time-out


Index 2691: 
Failed to fetch URL: https://www.1mg.com/drugs/eylub-gel-589393, 
Status: 502, 
Message: Bad Gateway


Index 2692: 
Failed to fetch URL: https://www.1mg.com/drugs/susteal-0.3-eye-drop-601952, 
Status: 502, 
Message: Bad Gateway


Index 2696: 
Failed to fetch URL: https://www.1mg.com/drugs/mistchem-2-eye-ointment-800346, 
Status: 504, 
Message: Gateway Time-out


Index 2704: 
Failed to fetch URL: https://www.1mg.com/drugs/idocal-eye-drop-793869, 
Status: 504, 
Message: Gateway Time-out


Index 2723: 
Failed to fetch URL: https://www.1mg.com/drugs/mois-ant-0.7-eye-drop-722298, 
Status: 502, 
Message: Bad Gateway


Index 2742: 
Failed to fetch URL: https://www.1mg.com/drugs/ojaflox-0.3-eye-drop-650864, 
Status: 504, 
Message: Gateway Time-out


Index 2758: 
Failed to fetch URL: https://www.1mg.com/otc/bausch-lomb-lacelle-premium-contact-lens-optical-power-5.75-violet-spherical-otc572863, 
Status: 404, 
Message: Not Found


Index 2759: 
Failed to fetch URL: https://www.1mg.com/drugs/tearbless-ultra-eye-drop-815626, 
Status: 504, 
Message: Gateway Time-out


Index 2760: 
Failed to fetch URL: https://www.1mg.com/drugs/soca-gel-eye-drop-570688, 
Status: 504, 
Message: Gateway Time-out


Index 2763: 
Failed to fetch URL: https://www.1mg.com/drugs/oxikit-0.5-eye-drop-574539, 
Status: 504, 
Message: Gateway Time-out


Index 2764: 
Failed to fetch URL: https://www.1mg.com/drugs/seeflox-plus-0.3-eye-drop-653478, 
Status: 504, 
Message: Gateway Time-out


Index 2815: 
Failed to fetch URL: https://www.1mg.com/drugs/lubro-0.5-eye-drop-571642, 
Status: 504, 
Message: Gateway Time-out


Index 2831: 
Failed to fetch URL: https://www.1mg.com/drugs/earzet-of-0.3-eye-drop-574620, 
Status: 504, 
Message: Gateway Time-out


Index 2839: 
Failed to fetch URL: https://www.1mg.com/drugs/virifresh-lubricant-eye-drop-643686, 
Status: 504, 
Message: Gateway Time-out


Index 2846: 
Failed to fetch URL: https://www.1mg.com/drugs/pro-soft-0.5-eye-drop-600362, 
Status: 504, 
Message: Gateway Time-out


Index 2861: 
Failed to fetch URL: https://www.1mg.com/drugs/optowet-0.5-eye-drop-583726, 
Status: 504, 
Message: Gateway Time-out


Index 2872: 
Failed to fetch URL: https://www.1mg.com/drugs/carbofresh-eye-drop-601939, 
Status: 504, 
Message: Gateway Time-out


Index 2875: 
Failed to fetch URL: https://www.1mg.com/drugs/fresh-eye-drop-570681, 
Status: 504, 
Message: Gateway Time-out


Index 2877: 
Failed to fetch URL: https://www.1mg.com/drugs/gen-tear-eye-drop-590228, 
Status: 502, 
Message: Bad Gateway


Index 2880: 
Failed to fetch URL: https://www.1mg.com/drugs/anagel-plus-1-eye-drop-953058, 
Status: 504, 
Message: Gateway Time-out


Index 2886: 
Failed to fetch URL: https://www.1mg.com/drugs/easyclear-p-0.025-nasal-drops-813855, 
Status: 504, 
Message: Gateway Time-out


Index 2890: 
Failed to fetch URL: https://www.1mg.com/drugs/tearless-0.5-eye-drop-533253, 
Status: 504, 
Message: Gateway Time-out


Index 2903: 
Failed to fetch URL: https://www.1mg.com/drugs/pureflox-0.3-eye-drop-581250, 
Status: 504, 
Message: Gateway Time-out


Index 2910: 
Failed to fetch URL: https://www.1mg.com/drugs/pecomist-0.5-eye-drop-918324, 
Status: 502, 
Message: Bad Gateway


Index 2943: 
Failed to fetch URL: https://www.1mg.com/drugs/lubert-cmc-eye-ear-drop-599901, 
Status: 504, 
Message: Gateway Time-out


Index 2959: 
Failed to fetch URL: https://www.1mg.com/drugs/ilife-1-eye-drop-583180, 
Status: 502, 
Message: Bad Gateway


Index 2984: 
Failed to fetch URL: https://www.1mg.com/drugs/oflodaz-0.3-eye-drop-553772, 
Status: 504, 
Message: Gateway Time-out


Index 2987: 
Failed to fetch URL: https://www.1mg.com/drugs/visilube-ds-eye-drop-902740, 
Status: 504, 
Message: Gateway Time-out


Index 3014: 
Failed to fetch URL: https://www.1mg.com/drugs/ofelia-0.3-eye-drop-580577, 
Status: 504, 
Message: Gateway Time-out


Index 3019: 
Failed to fetch URL: https://www.1mg.com/drugs/offry-0.3-eye-drop-532820, 
Status: 504, 
Message: Gateway Time-out


Index 3024: 
Failed to fetch URL: https://www.1mg.com/drugs/cnof-0.3-eye-drop-569640, 
Status: 504, 
Message: Gateway Time-out


Index 3030: 
Failed to fetch URL: https://www.1mg.com/drugs/encyclo-fresh-eye-drop-532383, 
Status: 504, 
Message: Gateway Time-out


Index 3043: 
Failed to fetch URL: https://www.1mg.com/drugs/dontoket-ls-eye-drop-601944, 
Status: 504, 
Message: Gateway Time-out


Index 3045: 
Failed to fetch URL: https://www.1mg.com/drugs/mpmc-0.5-eye-drop-846228, 
Status: 504, 
Message: Gateway Time-out


Index 3047: 
Failed to fetch URL: https://www.1mg.com/drugs/wini-tear-ds-eye-drop-942279, 
Status: 504, 
Message: Gateway Time-out


Index 3051: 
Failed to fetch URL: https://www.1mg.com/drugs/teartear-0.5-eye-drop-587646, 
Status: 504, 
Message: Gateway Time-out


Index 3056: 
Failed to fetch URL: https://www.1mg.com/drugs/ocof-0.3-eye-drop-572788, 
Status: 504, 
Message: Gateway Time-out


Index 3058: 
Failed to fetch URL: https://www.1mg.com/drugs/isoft-hs-eye-drop-941852, 
Status: 504, 
Message: Gateway Time-out


Index 3059: 
Failed to fetch URL: https://www.1mg.com/drugs/ketval-0.5-eye-drop-806317, 
Status: 504, 
Message: Gateway Time-out


Index 3061: 
Failed to fetch URL: https://www.1mg.com/drugs/antof-0.3-eye-drop-600346, 
Status: 504, 
Message: Gateway Time-out


Index 3064: 
Failed to fetch URL: https://www.1mg.com/drugs/lubi-tone-eye-drop-814512, 
Status: 504, 
Message: Gateway Time-out


Index 3067: 
Failed to fetch URL: https://www.1mg.com/drugs/hylocan-eye-drop-807451, 
Status: 504, 
Message: Gateway Time-out


Index 3075: 
Failed to fetch URL: https://www.1mg.com/drugs/othcarb-0.1-eye-drop-574507, 
Status: 504, 
Message: Gateway Time-out


Index 3091: 
Failed to fetch URL: https://www.1mg.com/drugs/irewet-eye-drop-702238, 
Status: 502, 
Message: Bad Gateway


Index 3093: 
Failed to fetch URL: https://www.1mg.com/drugs/ocris-0.3-eye-drop-619756, 
Status: 504, 
Message: Gateway Time-out


Index 3097: 
Failed to fetch URL: https://www.1mg.com/drugs/caftaday-eye-drop-820775, 
Status: 504, 
Message: Gateway Time-out


Index 3101: 
Failed to fetch URL: https://www.1mg.com/drugs/stevisc-2-eye-drop-589666, 
Status: 504, 
Message: Gateway Time-out


Index 3109: 
Failed to fetch URL: https://www.1mg.com/drugs/cnof-0.3-eye-drop-800181, 
Status: 504, 
Message: Gateway Time-out


Index 3118: 
Failed to fetch URL: https://www.1mg.com/drugs/ceroz-eye-drop-581495, 
Status: 504, 
Message: Gateway Time-out


Index 3133: 
Failed to fetch URL: https://www.1mg.com/drugs/safrocell-1-eye-drop-651766, 
Status: 504, 
Message: Gateway Time-out


Index 3140: 
Failed to fetch URL: https://www.1mg.com/drugs/visfine-0.5-eye-drop-531529, 
Status: 504, 
Message: Gateway Time-out


Index 3143: 
Failed to fetch URL: https://www.1mg.com/drugs/ketobec-0.5-eye-drop-571457, 
Status: 504, 
Message: Gateway Time-out


Index 3145: 
Failed to fetch URL: https://www.1mg.com/drugs/ofpan-0.3-eye-drop-599832, 
Status: 504, 
Message: Gateway Time-out


Index 3149: 
Failed to fetch URL: https://www.1mg.com/drugs/hysochlor-5-eye-drop-585767, 
Status: 504, 
Message: Gateway Time-out


Index 3150: 
Failed to fetch URL: https://www.1mg.com/drugs/catosol-eye-drop-855752, 
Status: 502, 
Message: Bad Gateway


Index 3152: 
Failed to fetch URL: https://www.1mg.com/drugs/lubrigold-1-eye-drop-991249, 
Status: 504, 
Message: Gateway Time-out


Index 3153: 
Failed to fetch URL: https://www.1mg.com/drugs/truvisc-ophthalmic-solution-993043, 
Status: 504, 
Message: Gateway Time-out


Index 3164: 
Failed to fetch URL: https://www.1mg.com/drugs/lubriwin-0.5-eye-drop-989629, 
Status: 504, 
Message: Gateway Time-out


Index 3165: 
Failed to fetch URL: https://www.1mg.com/drugs/lubriwin-forte-1-eye-drop-989630, 
Status: 502, 
Message: Bad Gateway


Index 3175: 
Failed to fetch URL: https://www.1mg.com/otc/green-opia-naturals-moringa-seed-oil-vegetarian-capsule-otc752864, 
Status: 429, 
Message: Too Many Requests


Index 3176: 
Failed to fetch URL: https://www.1mg.com/otc/green-opia-naturals-spirulina-vegetarian-capsule-otc752924, 
Status: 429, 
Message: Too Many Requests


Index 3177: 
Failed to fetch URL: https://www.1mg.com/otc/nestle-powder-cerelac-baby-cereal-with-milk-from-8-to-24-months-rich-in-iron-omega-3-iron-protein-calcium-for-babies-instant-infant-cereal-wheat-apple-cherry-no-refined-sugar-otc1042648, 
Status: 429, 
Message: Too Many Requests


Index 3178: 
Failed to fetch URL: https://www.1mg.com/otc/green-opia-naturals-multivitamin-for-women-vegetraian-capsule-otc752867, 
Status: 429, 
Message: Too Many Requests


Index 3179: 
Failed to fetch URL: https://www.1mg.com/otc/bella-mini-pantyliners-otc496874, 
Status: 429, 
Message: Too Many Requests


Index 3180: 
Failed to fetch URL: https://www.1mg.com/otc/greenopia-naturals-vitamin-c-vegetarian-capsule-otc752942, 
Status: 429, 
Message: Too Many Requests


Index 3181: 
Failed to fetch URL: https://www.1mg.com/otc/green-opia-naturals-pumpkin-flaxseed-oil-vegetarian-capsule-otc752878, 
Status: 429, 
Message: Too Many Requests


Index 3182: 
Failed to fetch URL: https://www.1mg.com/otc/green-opia-naturals-multivitamin-for-men-vegetarian-capsule-otc752865, 
Status: 429, 
Message: Too Many Requests


Index 3183: 
Failed to fetch URL: https://www.1mg.com/otc/green-opia-naturals-castor-oil-vegetarian-capsules-otc752723, 
Status: 429, 
Message: Too Many Requests


Index 3184: 
Failed to fetch URL: https://www.1mg.com/otc/bella-intima-plus-pantyliners-otc604025, 
Status: 429, 
Message: Too Many Requests


Index 3185: 
Failed to fetch URL: https://www.1mg.com/otc/himalayan-organics-diabetes-support-vegetarain-capsule-helps-control-blood-sugar-levels-otc904279, 
Status: 429, 
Message: Too Many Requests


Index 3186: 
Failed to fetch URL: https://www.1mg.com/otc/green-opia-naturals-fenugreek-oil-vegetarian-capsule-otc752843, 
Status: 429, 
Message: Too Many Requests


Index 3187: 
Failed to fetch URL: https://www.1mg.com/otc/the-minies-naturals-sea-buckthorn-oil-vegetarian-capsule-otc752900, 
Status: 429, 
Message: Too Many Requests


Index 3188: 
Failed to fetch URL: https://www.1mg.com/otc/power-gummies-hair-nail-vitamin-with-zero-added-sugar-new-heart-shape-otc482382, 
Status: 429, 
Message: Too Many Requests


Index 3189: 
Failed to fetch URL: https://www.1mg.com/otc/green-opia-naturals-coconut-oil-vegetarian-capsule-otc752761, 
Status: 429, 
Message: Too Many Requests


Index 3190: 
Failed to fetch URL: https://www.1mg.com/otc/vissco-eye-dropper-dispenser-otc1045320, 
Status: 429, 
Message: Too Many Requests


Index 3191: 
Failed to fetch URL: https://www.1mg.com/otc/greenopia-naturals-brahmi-extract-vegetarian-capsule-otc752714, 
Status: 429, 
Message: Too Many Requests


Index 3192: 
Failed to fetch URL: https://www.1mg.com/otc/himalayan-organics-coq10-125mg-with-biopepper-5mg-vegetarian-capsule-otc1020447, 
Status: 429, 
Message: Too Many Requests


Index 3193: 
Failed to fetch URL: https://www.1mg.com/otc/nestle-cerelac-baby-cereal-with-milk-from-8-to-24-months-rich-in-iron-wheat-apple-cherry-otc705838, 
Status: 429, 
Message: Too Many Requests


Index 3194: 
Failed to fetch URL: https://www.1mg.com/otc/himalayan-organics-calcium-magnesium-zinc-vitamin-d3-b12-k2-tablet-otc960036, 
Status: 429, 
Message: Too Many Requests


Index 3195: 
Failed to fetch URL: https://www.1mg.com/otc/himalayan-organics-male-vigor-tablet-for-energy-stamina-increases-blood-flow-otc705265, 
Status: 429, 
Message: Too Many Requests


Index 3196: 
Failed to fetch URL: https://www.1mg.com/otc/green-opia-naturals-flaxseed-oil-vegetarian-capsule-otc752851, 
Status: 429, 
Message: Too Many Requests


Index 3197: 
Failed to fetch URL: https://www.1mg.com/otc/himalayan-organics-ageless-support-youthful-glowing-skin-vegetarain-capsule-otc904333, 
Status: 429, 
Message: Too Many Requests


Index 3198: 
Failed to fetch URL: https://www.1mg.com/otc/himalayan-organics-plant-based-iron-vegetarian-capsule-with-folate-boost-energy-otc579389, 
Status: 429, 
Message: Too Many Requests


Index 3199: 
Failed to fetch URL: https://www.1mg.com/otc/green-opia-naturals-garlic-vegetarian-capsule-otc752846, 
Status: 429, 
Message: Too Many Requests


Index 3200: 
Failed to fetch URL: https://www.1mg.com/otc/greenopia-naturals-ashwagandha-vegetarian-capsule-otc752696, 
Status: 429, 
Message: Too Many Requests


Index 3201: 
Failed to fetch URL: https://www.1mg.com/otc/bella-intima-pantyliners-otc496868, 
Status: 429, 
Message: Too Many Requests


Index 3222: 
Failed to fetch URL: https://www.1mg.com/otc/ocu-tear-eye-drop-otc239594, 
Status: 429, 
Message: Too Many Requests


Index 3233: 
Failed to fetch URL: https://www.1mg.com/otc/eye-spa-eye-drop-pack-of-2-otc344616, 
Status: 429, 
Message: Too Many Requests


Index 3242: 
Failed to fetch URL: https://www.1mg.com/drugs/sea-fresh-eye-drop-581893, 
Status: 504, 
Message: Gateway Time-out


Index 3244: 
Failed to fetch URL: https://www.1mg.com/otc/lubrical-eye-ointment-otc314348, 
Status: 429, 
Message: Too Many Requests


Index 3268: 
Failed to fetch URL: https://www.1mg.com/drugs/snark-eye-drop-415480, 
Status: 502, 
Message: Bad Gateway


Index 3307: 
Failed to fetch URL: https://www.1mg.com/drugs/wettish-0.05-gel-411465, 
Status: 504, 
Message: Gateway Time-out


Index 3338: 
Failed to fetch URL: https://www.1mg.com/otc/lubrilac-eye-ointment-otc312982, 
Status: 429, 
Message: Too Many Requests


Index 3358: 
Failed to fetch URL: https://www.1mg.com/drugs/viscobest-4-eye-drop-431040, 
Status: 504, 
Message: Gateway Time-out


