Index 3410: 
Failed to fetch URL: https://www.1mg.com/drugs/fedliser-1.37gm-oral-solution-587989, 
Status: 504, 
Message: Gateway Time-out


Index 3411: 
Failed to fetch URL: https://www.1mg.com/drugs/alkanor-syrup-616399, 
Status: 502, 
Message: Bad Gateway


Index 3415: 
Failed to fetch URL: https://www.1mg.com/drugs/vroliser-1.4gm-syrup-833987, 
Status: 504, 
Message: Gateway Time-out


Index 3417: 
Failed to fetch URL: https://www.1mg.com/drugs/alkoget-syrup-788825, 
Status: 502, 
Message: Bad Gateway


Index 3426: 
Failed to fetch URL: https://www.1mg.com/drugs/alkalens-syrup-634511, 
Status: 502, 
Message: Bad Gateway


Index 3428: 
Failed to fetch URL: https://www.1mg.com/drugs/alkaxor-1.4gm-syrup-582763, 
Status: 502, 
Message: Bad Gateway


Index 3429: 
Failed to fetch URL: https://www.1mg.com/drugs/uritec-oral-solution-627997, 
Status: 502, 
Message: Bad Gateway


Index 3433: 
Failed to fetch URL: https://www.1mg.com/drugs/watlizer-1.25gm-syrup-721774, 
Status: 504, 
Message: Gateway Time-out


Index 3446: 
Failed to fetch URL: https://www.1mg.com/drugs/vitralka-1.4gm-syrup-658969, 
Status: 502, 
Message: Bad Gateway


Index 3457: 
Failed to fetch URL: https://www.1mg.com/drugs/coniliser-1.37gm-syrup-553158, 
Status: 504, 
Message: Gateway Time-out


Index 3458: 
Failed to fetch URL: https://www.1mg.com/drugs/hitralka-syrup-960160, 
Status: 502, 
Message: Bad Gateway


Index 3459: 
Failed to fetch URL: https://www.1mg.com/drugs/ukoalka-syrup-591146, 
Status: 504, 
Message: Gateway Time-out


Index 3460: 
Failed to fetch URL: https://www.1mg.com/drugs/colizer-syrup-639147, 
Status: 502, 
Message: Bad Gateway


Index 3461: 
Failed to fetch URL: https://www.1mg.com/drugs/alkalin-o-liquid-orange-sugar-free-966267, 
Status: 504, 
Message: Gateway Time-out


Index 3467: 
Failed to fetch URL: https://www.1mg.com/drugs/alkarest-1.4gm-syrup-639036, 
Status: 502, 
Message: Bad Gateway


Index 3475: 
Failed to fetch URL: https://www.1mg.com/drugs/alkera-d-1.2gm-syrup-669589, 
Status: 500, 
Message: Internal Server Error


Index 3479: 
Failed to fetch URL: https://www.1mg.com/drugs/alkacare-1.4gm-syrup-900195, 
Status: 504, 
Message: Gateway Time-out


Index 3486: 
Failed to fetch URL: https://www.1mg.com/drugs/disgut-syrup-632528, 
Status: 504, 
Message: Gateway Time-out


Index 3498: 
Failed to fetch URL: https://www.1mg.com/drugs/alkavita-syrup-pineapple-flavoured-jelly-656367, 
Status: 504, 
Message: Gateway Time-out


Index 3499: 
Failed to fetch URL: https://www.1mg.com/drugs/disdac-1.37gm-oral-suspension-623034, 
Status: 504, 
Message: Gateway Time-out


Index 3500: 
Failed to fetch URL: https://www.1mg.com/drugs/algen-1.25gm-syrup-541058, 
Status: 504, 
Message: Gateway Time-out


Index 3505: 
Failed to fetch URL: https://www.1mg.com/drugs/urilica-1.25gm-syrup-532890, 
Status: 502, 
Message: Bad Gateway


Index 3510: 
Failed to fetch URL: https://www.1mg.com/drugs/diclaz-1.37gm-syrup-789760, 
Status: 504, 
Message: Gateway Time-out


Index 3513: 
Failed to fetch URL: https://www.1mg.com/drugs/alsolizer-1.4gm-syrup-956249, 
Status: 504, 
Message: Gateway Time-out


Index 3521: 
Failed to fetch URL: https://www.1mg.com/drugs/urimel-1.4gm-syrup-640397, 
Status: 504, 
Message: Gateway Time-out


Index 3529: 
Failed to fetch URL: https://www.1mg.com/drugs/citlizer-1.53gm-syrup-742850, 
Status: 504, 
Message: Gateway Time-out


Index 3536: 
Failed to fetch URL: https://www.1mg.com/drugs/kavliser-syrup-590410, 
Status: 504, 
Message: Gateway Time-out


Index 3540: 
Failed to fetch URL: https://www.1mg.com/drugs/h2o-1.25gm-syrup-673674, 
Status: 504, 
Message: Gateway Time-out


Index 3548: 
Failed to fetch URL: https://www.1mg.com/drugs/alkanic-1.37gm-syrup-590339, 
Status: 504, 
Message: Gateway Time-out


Index 3549: 
Failed to fetch URL: https://www.1mg.com/drugs/emborate-1.25gm-syrup-868660, 
Status: 504, 
Message: Gateway Time-out


Index 3566: 
Failed to fetch URL: https://www.1mg.com/drugs/stonefit-oral-solution-649277, 
Status: 502, 
Message: Bad Gateway


Index 3573: 
Failed to fetch URL: https://www.1mg.com/drugs/uralka-syrup-659986, 
Status: 504, 
Message: Gateway Time-out


Index 3585: 
Failed to fetch URL: https://www.1mg.com/drugs/sodisol-1.4gm-syrup-575979, 
Status: 504, 
Message: Gateway Time-out


Index 3587: 
Failed to fetch URL: https://www.1mg.com/drugs/urinem-syrup-669166, 
Status: 504, 
Message: Gateway Time-out


Index 3589: 
Failed to fetch URL: https://www.1mg.com/drugs/diclaz-1.37gm-syrup-789763, 
Status: 504, 
Message: Gateway Time-out


Index 3592: 
Failed to fetch URL: https://www.1mg.com/drugs/citafirst-1.25gm-syrup-713587, 
Status: 504, 
Message: Gateway Time-out


Index 3603: 
Failed to fetch URL: https://www.1mg.com/drugs/kalsure-1.38gm-syrup-603324, 
Status: 504, 
Message: Gateway Time-out


Index 3606: 
Failed to fetch URL: https://www.1mg.com/drugs/riqlizer-l-1.53gm-syrup-872825, 
Status: 504, 
Message: Gateway Time-out


Index 3609: 
Failed to fetch URL: https://www.1mg.com/drugs/alkasov-1.53gm-syrup-887995, 
Status: 504, 
Message: Gateway Time-out


Index 3614: 
Failed to fetch URL: https://www.1mg.com/drugs/alkacil-1.4gm-syrup-926662, 
Status: 502, 
Message: Bad Gateway


Index 3616: 
Failed to fetch URL: https://www.1mg.com/drugs/zeoclan-syrup-874645, 
Status: 504, 
Message: Gateway Time-out


Index 3627: 
Failed to fetch URL: https://www.1mg.com/drugs/amyzer-syrup-lemon-641118, 
Status: 504, 
Message: Gateway Time-out


Index 3631: 
Failed to fetch URL: https://www.1mg.com/drugs/uridol-oral-solution-829497, 
Status: 504, 
Message: Gateway Time-out


Index 3636: 
Failed to fetch URL: https://www.1mg.com/drugs/dicitra-1.25gm-syrup-926396, 
Status: 502, 
Message: Bad Gateway


Index 3639: 
Failed to fetch URL: https://www.1mg.com/drugs/lxalka-1.4gm-syrup-628063, 
Status: 504, 
Message: Gateway Time-out


Index 3644: 
Failed to fetch URL: https://www.1mg.com/drugs/medicitron-1.38gm-syrup-581404, 
Status: 504, 
Message: Gateway Time-out


Index 3650: 
Failed to fetch URL: https://www.1mg.com/drugs/alkacet-1.4gm-syrup-673961, 
Status: 504, 
Message: Gateway Time-out


Index 3654: 
Failed to fetch URL: https://www.1mg.com/drugs/alkazin-syrup-636682, 
Status: 504, 
Message: Gateway Time-out


Index 3661: 
Failed to fetch URL: https://www.1mg.com/drugs/alkajis-syrup-838206, 
Status: 504, 
Message: Gateway Time-out


Index 3668: 
Failed to fetch URL: https://www.1mg.com/drugs/citros-1.4gm-syrup-557684, 
Status: 504, 
Message: Gateway Time-out


Index 3671: 
Failed to fetch URL: https://www.1mg.com/drugs/alkcure-syrup-892040, 
Status: 504, 
Message: Gateway Time-out


Index 3675: 
Failed to fetch URL: https://www.1mg.com/drugs/anesol-1.4gm-syrup-582506, 
Status: 504, 
Message: Gateway Time-out


Index 3685: 
Failed to fetch URL: https://www.1mg.com/drugs/solmera-syrup-626914, 
Status: 504, 
Message: Gateway Time-out


Index 3688: 
Failed to fetch URL: https://www.1mg.com/drugs/bitralka-1.53gm-syrup-846420, 
Status: 504, 
Message: Gateway Time-out


Index 3689: 
Failed to fetch URL: https://www.1mg.com/drugs/alkamak-1.25gm-syrup-868954, 
Status: 504, 
Message: Gateway Time-out


Index 3691: 
Failed to fetch URL: https://www.1mg.com/drugs/doksol-1.4gm-syrup-685367, 
Status: 504, 
Message: Gateway Time-out


Index 3707: 
Failed to fetch URL: https://www.1mg.com/drugs/alkaza-1.37gm-syrup-887608, 
Status: 502, 
Message: Bad Gateway


Index 3709: 
Failed to fetch URL: https://www.1mg.com/drugs/alkasafe-syrup-627972, 
Status: 504, 
Message: Gateway Time-out


Index 3713: 
Failed to fetch URL: https://www.1mg.com/drugs/urocool-syrup-814173, 
Status: 504, 
Message: Gateway Time-out


Index 3717: 
Failed to fetch URL: https://www.1mg.com/drugs/avsol-syrup-983980, 
Status: 504, 
Message: Gateway Time-out


Index 3718: 
Failed to fetch URL: https://www.1mg.com/drugs/uriscot-syrup-991675, 
Status: 502, 
Message: Bad Gateway


Index 3719: 
Failed to fetch URL: https://www.1mg.com/drugs/uriscot-1.25gm-syrup-991676, 
Status: 504, 
Message: Gateway Time-out


Index 3722: 
Failed to fetch URL: https://www.1mg.com/drugs/alkacare-1.4gm-syrup-sugar-free-994377, 
Status: 504, 
Message: Gateway Time-out


Index 3728: 
Failed to fetch URL: https://www.1mg.com/drugs/alkabel-1.37gm-syrup-989442, 
Status: 504, 
Message: Gateway Time-out


Index 3729: 
Failed to fetch URL: https://www.1mg.com/drugs/kadlizer-1.4gm-syrup-989734, 
Status: 502, 
Message: Bad Gateway


Index 3735: 
Failed to fetch URL: https://www.1mg.com/drugs/grinedsol-syrup-1050418, 
Status: 504, 
Message: Gateway Time-out


