Index 9715: 
Failed to fetch URL: https://www.1mg.com/drugs/stavin-0.1-nasal-spray-674920, 
Status: 504, 
Message: Gateway Time-out


Index 9745: 
Failed to fetch URL: https://www.1mg.com/drugs/nozof-0.1-nasal-drops-620876, 
Status: 504, 
Message: Gateway Time-out


Index 9748: 
Failed to fetch URL: https://www.1mg.com/drugs/nasovon-x-nasal-drops-590617, 
Status: 504, 
Message: Gateway Time-out


Index 9758: 
Failed to fetch URL: https://www.1mg.com/drugs/optocold-a-0.1-nasal-drops-829912, 
Status: 502, 
Message: Bad Gateway


Index 9775: 
Failed to fetch URL: https://www.1mg.com/drugs/nasoden-adult-0.1-nasal-drops-607675, 
Status: 504, 
Message: Gateway Time-out


Index 9800: 
Failed to fetch URL: https://www.1mg.com/drugs/nozilet-ns-nasal-solution-849408, 
Status: 504, 
Message: Gateway Time-out


Index 9807: 
Failed to fetch URL: https://www.1mg.com/drugs/nazirest-plus-0.1-nasal-drops-642696, 
Status: 504, 
Message: Gateway Time-out


Index 9819: 
Failed to fetch URL: https://www.1mg.com/drugs/nasogest-adult-nasal-spray-967126, 
Status: 504, 
Message: Gateway Time-out


Index 9830: 
Failed to fetch URL: https://www.1mg.com/drugs/glencoff-cough-lozenges-honey-lemon-683519, 
Status: 504, 
Message: Gateway Time-out


Index 9839: 
Failed to fetch URL: https://www.1mg.com/drugs/wiz-0.1-nasal-drops-582413, 
Status: 504, 
Message: Gateway Time-out


Index 9861: 
Failed to fetch URL: https://www.1mg.com/drugs/opinose-0.1-nasal-drops-869037, 
Status: 504, 
Message: Gateway Time-out


Index 9876: 
Failed to fetch URL: https://www.1mg.com/drugs/xyaloallit-p-nasal-drops-599869, 
Status: 502, 
Message: Bad Gateway


Index 9923: 
Failed to fetch URL: https://www.1mg.com/drugs/nfree-nasal-drop-spray-611845, 
Status: 504, 
Message: Gateway Time-out


Index 9932: 
Failed to fetch URL: https://www.1mg.com/drugs/noltop-kid-0.05-nasal-drops-586231, 
Status: 504, 
Message: Gateway Time-out


Index 9948: 
Failed to fetch URL: https://www.1mg.com/drugs/noltop-0.1-nasal-drops-586224, 
Status: 502, 
Message: Bad Gateway


Index 9968: 
Failed to fetch URL: https://www.1mg.com/drugs/xyline-kid-nasal-drops-631158, 
Status: 504, 
Message: Gateway Time-out


Index 9990: 
Failed to fetch URL: https://www.1mg.com/drugs/nyriz-s-nasal-drops-626801, 
Status: 504, 
Message: Gateway Time-out


Index 10000: 
Failed to fetch URL: https://www.1mg.com/drugs/nosicad-0.1-nasal-drops-573970, 
Status: 504, 
Message: Gateway Time-out


Index 10021: 
Failed to fetch URL: https://www.1mg.com/drugs/nescal-0.1-nasal-drops-600082, 
Status: 504, 
Message: Gateway Time-out


Index 10024: 
Failed to fetch URL: https://www.1mg.com/drugs/fibocold-p-nasal-drops-588923, 
Status: 502, 
Message: Bad Gateway


Index 10048: 
Failed to fetch URL: https://www.1mg.com/drugs/xylotaz-0.1-nasal-spray-557871, 
Status: 504, 
Message: Gateway Time-out


Index 10060: 
Failed to fetch URL: https://www.1mg.com/drugs/nazoqub-a-0.1-nasal-drops-579826, 
Status: 504, 
Message: Gateway Time-out


Index 10090: 
Failed to fetch URL: https://www.1mg.com/drugs/xynum-0.25-nasal-drops-569612, 
Status: 504, 
Message: Gateway Time-out


Index 10091: 
Failed to fetch URL: https://www.1mg.com/drugs/dgcold-a-nasal-drops-586284, 
Status: 504, 
Message: Gateway Time-out


Index 10135: 
Failed to fetch URL: https://www.1mg.com/drugs/nazowell-a-nasal-drops-631609, 
Status: 504, 
Message: Gateway Time-out


Index 10143: 
Failed to fetch URL: https://www.1mg.com/drugs/glencoff-cough-lozenges-ginger-683522, 
Status: 502, 
Message: Bad Gateway


Index 10158: 
Failed to fetch URL: https://www.1mg.com/drugs/otritas-nasal-drops-566118, 
Status: 504, 
Message: Gateway Time-out


Index 10182: 
Failed to fetch URL: https://www.1mg.com/drugs/nosytrex-oxy-nasal-solution-1034500, 
Status: 504, 
Message: Gateway Time-out


Index 10188: 
Failed to fetch URL: https://www.1mg.com/drugs/otrisoft-0.1-nasal-drops-993326, 
Status: 504, 
Message: Gateway Time-out


Index 10190: 
Failed to fetch URL: https://www.1mg.com/drugs/active-cold-ns-nasal-drops-999562, 
Status: 504, 
Message: Gateway Time-out


Index 10192: 
Failed to fetch URL: https://www.1mg.com/drugs/nosytrex-paediatric-nasal-drops-1034784, 
Status: 504, 
Message: Gateway Time-out


Index 10195: 
Failed to fetch URL: https://www.1mg.com/drugs/tilsil-medicated-throat-lozenges-1009886, 
Status: 504, 
Message: Gateway Time-out


