Index 11457/11656: Error processing URL: https://www.1mg.com/drugs/vinflux-mps-oral-suspension-orange-577692, Error: Timeout exceeded
Index 11476/11656: Error processing URL: https://www.1mg.com/drugs/brexcid-oral-suspension-599885, Error: Timeout exceeded
Index 11479/11656: Error processing URL: https://www.1mg.com/drugs/pp-set-mps-syrup-588978, Error: Timeout exceeded
Index 11484/11656: Error processing URL: https://www.1mg.com/drugs/sialose-10gm-oral-suspension-848181, Error: Timeout exceeded
Index 11498/11656: Error processing URL: https://www.1mg.com/drugs/consiflo-3.35gm-oral-suspension-983978, Error: Timeout exceeded
Index 11499/11656: Error processing URL: https://www.1mg.com/drugs/pegloose-oral-solution-984696, Error: Timeout exceeded
Index 11503/11656: Error processing URL: https://www.1mg.com/drugs/olifine-oral-suspension-mint-987296, Error: Timeout exceeded
Index 11506: 
Failed to fetch URL: https://www.1mg.com/drugs/riccid-m-syrup-988140, 
Status: 502, 
Message: Bad Gateway


Index 11513/11656: Error processing URL: https://www.1mg.com/drugs/velcid-m-syrup-mango-989712, Error: Timeout exceeded
Index 11515/11656: Error processing URL: https://www.1mg.com/drugs/megacule-syrup-sugar-free-990199, Error: Timeout exceeded
Index 11516/11656: Error processing URL: https://www.1mg.com/drugs/evimag-s-syrup-elaichi-990268, Error: Timeout exceeded
Index 11517/11656: Error processing URL: https://www.1mg.com/drugs/evimag-s-syrup-mango-990269, Error: Timeout exceeded
Index 11521/11656: Error processing URL: https://www.1mg.com/drugs/urigest-cp-syrup-990531, Error: Timeout exceeded
Index 11526/11656: Error processing URL: https://www.1mg.com/drugs/urigest-b6-syrup-990523, Error: Timeout exceeded
Index 11531/11656: Error processing URL: https://www.1mg.com/drugs/apispas-oral-drops-992168, Error: Timeout exceeded
Index 11564: 
Failed to fetch URL: https://www.1mg.com/drugs/xplocid-gel-suspension-mango-sugar-free-1001246, 
Status: 502, 
Message: Bad Gateway


Index 11569/11656: Error processing URL: https://www.1mg.com/drugs/famtac-gel-mint-986770, Error: Timeout exceeded
Index 11574/11656: Error processing URL: https://www.1mg.com/drugs/agecid-mint-oral-suspension-1002576, Error: Timeout exceeded
Index 11584: 
Failed to fetch URL: https://www.1mg.com/drugs/nemone-mps-oral-suspension-1005540, 
Status: 502, 
Message: Bad Gateway


Index 11594/11656: Error processing URL: https://www.1mg.com/drugs/dimcit-spas-oral-drops-988166, Error: Timeout exceeded
Index 11599/11656: Error processing URL: https://www.1mg.com/drugs/lms-urge-oral-suspension-sugar-free-1021022, Error: Timeout exceeded
Index 11600/11656: Error processing URL: https://www.1mg.com/drugs/chemocid-o-oral-suspension-saunf-sugar-free-1009475, Error: Timeout exceeded
Index 11637/11656: Error processing URL: https://www.1mg.com/drugs/gol-mps-syrup-1012042, Error: Timeout exceeded
Index 11638/11656: Error processing URL: https://www.1mg.com/drugs/easylooz-oral-solution-saunf-sugar-free-1012052, Error: Timeout exceeded
Index 11641: 
Failed to fetch URL: https://www.1mg.com/drugs/humaliv-st-syrup-1013581, 
Status: 502, 
Message: Bad Gateway


